Access error: attempt of unauthorised access
Access error: attempt of unauthorised access
Access error: attempt of unauthorised access
Logout: successful, session destroyed: 

Login error: no such user
Login error: wrong password
Login error: wrong password
Login error: wrong password
login: session started = f5sdlnbc105olfl7vkbdh7lf6o

login: session regenerated = g7ikecqifpgocplnn1n0n3b0su

Login: successful
Logout: successful, session destroyed: 

login: session started = r5vq12r03fa5b0b8qfkvbe7j16

login: session regenerated = 2n41e6jpahusta9290julgsbe9

Login: successful
Logout: successful, session destroyed: 

Logout error: not authorised
Access error: attempt of unauthorised access
login: session started = 6ebm4321pbfrsua5gkt5cdt40b

login: session regenerated = n68rolmfokdik5vpepqu1vaam5

Login: successful
Logout error: not authorised
